<?xml version="1.0" encoding="utf-8" standalone="no"?>
<test-results xmlns:xsi="http://www.w3.org/2001/XMLSchema-instance" xsi:noNamespaceSchemaLocation="nunit_schema_2.5.xsd" name="Pester" total="4" errors="0" failures="0" not-run="45" inconclusive="0" ignored="0" skipped="0" invalid="0" date="2024-07-08" time="23:58:22">
  <environment user-domain="" nunit-version="2.5.8.0" os-version="23.5.0" platform="Darwin" clr-version="8.0.6" cwd="/Users/beli/localwork/Mold" user="beli" machine-name="bpro" />
  <culture-info current-culture="en-US" current-uiculture="en-US" />
  <test-suite type="TestFixture" name="Pester" executed="True" result="Success" success="True" time="0.5458" asserts="0" description="Pester">
    <results>
      <test-suite type="TestFixture" name="/Users/beli/localwork/Mold/tests/integration/InvokeMold.Tests.ps1" executed="True" result="Success" success="True" time="0.4105" asserts="0" description="/Users/beli/localwork/Mold/tests/integration/InvokeMold.Tests.ps1">
        <results>
          <test-suite type="TestFixture" name="Invoke Mold Integration Test" executed="True" result="Success" success="True" time="0.2776" asserts="0" description="Invoke Mold Integration Test">
            <results>
              <test-case description="Command exists" name="Invoke Mold Integration Test.Command exists" time="0.0649" asserts="0" success="True" result="Success" executed="True" />
              <test-case description="Invokes command without error" name="Invoke Mold Integration Test.Invokes command without error" time="0.1583" asserts="0" success="True" result="Success" executed="True" />
              <test-case description="Generates output files" name="Invoke Mold Integration Test.Generates output files" time="0.0046" asserts="0" success="True" result="Success" executed="True" />
              <test-case description="Content matches expected output" name="Invoke Mold Integration Test.Content matches expected output" time="0.0239" asserts="0" success="True" result="Success" executed="True" />
            </results>
          </test-suite>
        </results>
      </test-suite>
    </results>
  </test-suite>
</test-results>