<?xml version="1.0" encoding="utf-8" standalone="no"?>
<test-results xmlns:xsi="http://www.w3.org/2001/XMLSchema-instance" xsi:noNamespaceSchemaLocation="nunit_schema_2.5.xsd" name="Pester" total="45" errors="0" failures="0" not-run="0" inconclusive="0" ignored="0" skipped="0" invalid="0" date="2024-07-08" time="14:08:37">
  <environment cwd="C:\Localwork\Projects\Mold" os-version="10.0.22631" machine-name="W10L-013241" clr-version="8.0.6" platform="Microsoft Windows 11 Enterprise|C:\WINDOWS|\Device\Harddisk0\Partition3" user="HA0559" nunit-version="2.5.8.0" user-domain="CORP" />
  <culture-info current-culture="en-US" current-uiculture="en-US" />
  <test-suite type="TestFixture" name="Pester" executed="True" result="Success" success="True" time="5.3856" asserts="0" description="Pester">
    <results>
      <test-suite type="TestFixture" name="C:\Localwork\Projects\Mold\tests\Module.Tests.ps1" executed="True" result="Success" success="True" time="1.0903" asserts="0" description="C:\Localwork\Projects\Mold\tests\Module.Tests.ps1">
        <results>
          <test-suite type="TestFixture" name="General Module Control" executed="True" result="Success" success="True" time="0.3683" asserts="0" description="General Module Control">
            <results>
              <test-case description="Should import without errors" name="General Module Control.Should import without errors" time="0.2745" asserts="0" success="True" result="Success" executed="True" />
            </results>
          </test-suite>
        </results>
      </test-suite>
      <test-suite type="TestFixture" name="C:\Localwork\Projects\Mold\tests\ScriptAnalyzer.Tests.ps1" executed="True" result="Success" success="True" time="4.2799" asserts="0" description="C:\Localwork\Projects\Mold\tests\ScriptAnalyzer.Tests.ps1">
        <results>
          <test-suite type="TestFixture" name="File: AutoCompleteTemplateName" executed="True" result="Success" success="True" time="0.5453" asserts="0" description="File: AutoCompleteTemplateName">
            <results>
              <test-suite type="TestFixture" name="File: AutoCompleteTemplateName.Code Quality Check" executed="True" result="Success" success="True" time="0.5251" asserts="0" description="File: AutoCompleteTemplateName.Code Quality Check">
                <results>
                  <test-case description="is valid PowerShell Code" name="File: AutoCompleteTemplateName.Code Quality Check.is valid PowerShell Code" time="0.0573" asserts="0" success="True" result="Success" executed="True" />
                  <test-case description="passess ScriptAnalyzer" name="File: AutoCompleteTemplateName.Code Quality Check.passess ScriptAnalyzer" time="0.4596" asserts="0" success="True" result="Success" executed="True" />
                </results>
              </test-suite>
            </results>
          </test-suite>
          <test-suite type="TestFixture" name="File: Class_MOLDQ" executed="True" result="Success" success="True" time="0.7104" asserts="0" description="File: Class_MOLDQ">
            <results>
              <test-suite type="TestFixture" name="File: Class_MOLDQ.Code Quality Check" executed="True" result="Success" success="True" time="0.1302" asserts="0" description="File: Class_MOLDQ.Code Quality Check">
                <results>
                  <test-case description="is valid PowerShell Code" name="File: Class_MOLDQ.Code Quality Check.is valid PowerShell Code" time="0.0144" asserts="0" success="True" result="Success" executed="True" />
                  <test-case description="passess ScriptAnalyzer" name="File: Class_MOLDQ.Code Quality Check.passess ScriptAnalyzer" time="0.1044" asserts="0" success="True" result="Success" executed="True" />
                </results>
              </test-suite>
            </results>
          </test-suite>
          <test-suite type="TestFixture" name="File: GenerateQuetion" executed="True" result="Success" success="True" time="1.2032" asserts="0" description="File: GenerateQuetion">
            <results>
              <test-suite type="TestFixture" name="File: GenerateQuetion.Code Quality Check" executed="True" result="Success" success="True" time="0.4818" asserts="0" description="File: GenerateQuetion.Code Quality Check">
                <results>
                  <test-case description="is valid PowerShell Code" name="File: GenerateQuetion.Code Quality Check.is valid PowerShell Code" time="0.0903" asserts="0" success="True" result="Success" executed="True" />
                  <test-case description="passess ScriptAnalyzer" name="File: GenerateQuetion.Code Quality Check.passess ScriptAnalyzer" time="0.3812" asserts="0" success="True" result="Success" executed="True" />
                </results>
              </test-suite>
            </results>
          </test-suite>
          <test-suite type="TestFixture" name="File: GetMoldPlaceHolder" executed="True" result="Success" success="True" time="1.6244" asserts="0" description="File: GetMoldPlaceHolder">
            <results>
              <test-suite type="TestFixture" name="File: GetMoldPlaceHolder.Code Quality Check" executed="True" result="Success" success="True" time="0.414" asserts="0" description="File: GetMoldPlaceHolder.Code Quality Check">
                <results>
                  <test-case description="is valid PowerShell Code" name="File: GetMoldPlaceHolder.Code Quality Check.is valid PowerShell Code" time="0.0479" asserts="0" success="True" result="Success" executed="True" />
                  <test-case description="passess ScriptAnalyzer" name="File: GetMoldPlaceHolder.Code Quality Check.passess ScriptAnalyzer" time="0.3585" asserts="0" success="True" result="Success" executed="True" />
                </results>
              </test-suite>
            </results>
          </test-suite>
          <test-suite type="TestFixture" name="File: GetTemplatesFromPath" executed="True" result="Success" success="True" time="2.026" asserts="0" description="File: GetTemplatesFromPath">
            <results>
              <test-suite type="TestFixture" name="File: GetTemplatesFromPath.Code Quality Check" executed="True" result="Success" success="True" time="0.395" asserts="0" description="File: GetTemplatesFromPath.Code Quality Check">
                <results>
                  <test-case description="is valid PowerShell Code" name="File: GetTemplatesFromPath.Code Quality Check.is valid PowerShell Code" time="0.0109" asserts="0" success="True" result="Success" executed="True" />
                  <test-case description="passess ScriptAnalyzer" name="File: GetTemplatesFromPath.Code Quality Check.passess ScriptAnalyzer" time="0.374" asserts="0" success="True" result="Success" executed="True" />
                </results>
              </test-suite>
            </results>
          </test-suite>
          <test-suite type="TestFixture" name="File: InvokeMoldScript" executed="True" result="Success" success="True" time="2.0935" asserts="0" description="File: InvokeMoldScript">
            <results>
              <test-suite type="TestFixture" name="File: InvokeMoldScript.Code Quality Check" executed="True" result="Success" success="True" time="0.0611" asserts="0" description="File: InvokeMoldScript.Code Quality Check">
                <results>
                  <test-case description="is valid PowerShell Code" name="File: InvokeMoldScript.Code Quality Check.is valid PowerShell Code" time="0.013" asserts="0" success="True" result="Success" executed="True" />
                  <test-case description="passess ScriptAnalyzer" name="File: InvokeMoldScript.Code Quality Check.passess ScriptAnalyzer" time="0.0413" asserts="0" success="True" result="Success" executed="True" />
                </results>
              </test-suite>
            </results>
          </test-suite>
          <test-suite type="TestFixture" name="File: ReadAwesomeHost" executed="True" result="Success" success="True" time="2.9114" asserts="0" description="File: ReadAwesomeHost">
            <results>
              <test-suite type="TestFixture" name="File: ReadAwesomeHost.Code Quality Check" executed="True" result="Success" success="True" time="0.8089" asserts="0" description="File: ReadAwesomeHost.Code Quality Check">
                <results>
                  <test-case description="is valid PowerShell Code" name="File: ReadAwesomeHost.Code Quality Check.is valid PowerShell Code" time="0.0183" asserts="0" success="True" result="Success" executed="True" />
                  <test-case description="passess ScriptAnalyzer" name="File: ReadAwesomeHost.Code Quality Check.passess ScriptAnalyzer" time="0.7823" asserts="0" success="True" result="Success" executed="True" />
                </results>
              </test-suite>
            </results>
          </test-suite>
          <test-suite type="TestFixture" name="File: TestMoldHealth" executed="True" result="Success" success="True" time="3.1346" asserts="0" description="File: TestMoldHealth">
            <results>
              <test-suite type="TestFixture" name="File: TestMoldHealth.Code Quality Check" executed="True" result="Success" success="True" time="0.2135" asserts="0" description="File: TestMoldHealth.Code Quality Check">
                <results>
                  <test-case description="is valid PowerShell Code" name="File: TestMoldHealth.Code Quality Check.is valid PowerShell Code" time="0.0149" asserts="0" success="True" result="Success" executed="True" />
                  <test-case description="passess ScriptAnalyzer" name="File: TestMoldHealth.Code Quality Check.passess ScriptAnalyzer" time="0.1896" asserts="0" success="True" result="Success" executed="True" />
                </results>
              </test-suite>
            </results>
          </test-suite>
          <test-suite type="TestFixture" name="File: TestMoldStatus" executed="True" result="Success" success="True" time="3.1884" asserts="0" description="File: TestMoldStatus">
            <results>
              <test-suite type="TestFixture" name="File: TestMoldStatus.Code Quality Check" executed="True" result="Success" success="True" time="0.0457" asserts="0" description="File: TestMoldStatus.Code Quality Check">
                <results>
                  <test-case description="is valid PowerShell Code" name="File: TestMoldStatus.Code Quality Check.is valid PowerShell Code" time="0.0192" asserts="0" success="True" result="Success" executed="True" />
                  <test-case description="passess ScriptAnalyzer" name="File: TestMoldStatus.Code Quality Check.passess ScriptAnalyzer" time="0.0183" asserts="0" success="True" result="Success" executed="True" />
                </results>
              </test-suite>
            </results>
          </test-suite>
          <test-suite type="TestFixture" name="File: TestValidMoldManifestFile" executed="True" result="Success" success="True" time="3.2319" asserts="0" description="File: TestValidMoldManifestFile">
            <results>
              <test-suite type="TestFixture" name="File: TestValidMoldManifestFile.Code Quality Check" executed="True" result="Success" success="True" time="0.0369" asserts="0" description="File: TestValidMoldManifestFile.Code Quality Check">
                <results>
                  <test-case description="is valid PowerShell Code" name="File: TestValidMoldManifestFile.Code Quality Check.is valid PowerShell Code" time="0.0093" asserts="0" success="True" result="Success" executed="True" />
                  <test-case description="passess ScriptAnalyzer" name="File: TestValidMoldManifestFile.Code Quality Check.passess ScriptAnalyzer" time="0.0213" asserts="0" success="True" result="Success" executed="True" />
                </results>
              </test-suite>
            </results>
          </test-suite>
          <test-suite type="TestFixture" name="File: ValidateAnswerFileParameter" executed="True" result="Success" success="True" time="3.2722" asserts="0" description="File: ValidateAnswerFileParameter">
            <results>
              <test-suite type="TestFixture" name="File: ValidateAnswerFileParameter.Code Quality Check" executed="True" result="Success" success="True" time="0.0338" asserts="0" description="File: ValidateAnswerFileParameter.Code Quality Check">
                <results>
                  <test-case description="is valid PowerShell Code" name="File: ValidateAnswerFileParameter.Code Quality Check.is valid PowerShell Code" time="0.0074" asserts="0" success="True" result="Success" executed="True" />
                  <test-case description="passess ScriptAnalyzer" name="File: ValidateAnswerFileParameter.Code Quality Check.passess ScriptAnalyzer" time="0.0199" asserts="0" success="True" result="Success" executed="True" />
                </results>
              </test-suite>
            </results>
          </test-suite>
          <test-suite type="TestFixture" name="File: AutoCompleteTemplateName" executed="True" result="Success" success="True" time="3.3099" asserts="0" description="File: AutoCompleteTemplateName">
            <results>
              <test-suite type="TestFixture" name="File: AutoCompleteTemplateName.Code Quality Check" executed="True" result="Success" success="True" time="0.0282" asserts="0" description="File: AutoCompleteTemplateName.Code Quality Check">
                <results>
                  <test-case description="is valid PowerShell Code" name="File: AutoCompleteTemplateName.Code Quality Check.is valid PowerShell Code" time="0.0095" asserts="0" success="True" result="Success" executed="True" />
                  <test-case description="passess ScriptAnalyzer" name="File: AutoCompleteTemplateName.Code Quality Check.passess ScriptAnalyzer" time="0.012" asserts="0" success="True" result="Success" executed="True" />
                </results>
              </test-suite>
            </results>
          </test-suite>
          <test-suite type="TestFixture" name="File: Class_MOLDQ" executed="True" result="Success" success="True" time="3.3438" asserts="0" description="File: Class_MOLDQ">
            <results>
              <test-suite type="TestFixture" name="File: Class_MOLDQ.Code Quality Check" executed="True" result="Success" success="True" time="0.0278" asserts="0" description="File: Class_MOLDQ.Code Quality Check">
                <results>
                  <test-case description="is valid PowerShell Code" name="File: Class_MOLDQ.Code Quality Check.is valid PowerShell Code" time="0.0091" asserts="0" success="True" result="Success" executed="True" />
                  <test-case description="passess ScriptAnalyzer" name="File: Class_MOLDQ.Code Quality Check.passess ScriptAnalyzer" time="0.0127" asserts="0" success="True" result="Success" executed="True" />
                </results>
              </test-suite>
            </results>
          </test-suite>
          <test-suite type="TestFixture" name="File: GenerateQuetion" executed="True" result="Success" success="True" time="3.3911" asserts="0" description="File: GenerateQuetion">
            <results>
              <test-suite type="TestFixture" name="File: GenerateQuetion.Code Quality Check" executed="True" result="Success" success="True" time="0.0407" asserts="0" description="File: GenerateQuetion.Code Quality Check">
                <results>
                  <test-case description="is valid PowerShell Code" name="File: GenerateQuetion.Code Quality Check.is valid PowerShell Code" time="0.013" asserts="0" success="True" result="Success" executed="True" />
                  <test-case description="passess ScriptAnalyzer" name="File: GenerateQuetion.Code Quality Check.passess ScriptAnalyzer" time="0.0188" asserts="0" success="True" result="Success" executed="True" />
                </results>
              </test-suite>
            </results>
          </test-suite>
          <test-suite type="TestFixture" name="File: GetMoldPlaceHolder" executed="True" result="Success" success="True" time="3.4448" asserts="0" description="File: GetMoldPlaceHolder">
            <results>
              <test-suite type="TestFixture" name="File: GetMoldPlaceHolder.Code Quality Check" executed="True" result="Success" success="True" time="0.0479" asserts="0" description="File: GetMoldPlaceHolder.Code Quality Check">
                <results>
                  <test-case description="is valid PowerShell Code" name="File: GetMoldPlaceHolder.Code Quality Check.is valid PowerShell Code" time="0.0248" asserts="0" success="True" result="Success" executed="True" />
                  <test-case description="passess ScriptAnalyzer" name="File: GetMoldPlaceHolder.Code Quality Check.passess ScriptAnalyzer" time="0.0157" asserts="0" success="True" result="Success" executed="True" />
                </results>
              </test-suite>
            </results>
          </test-suite>
          <test-suite type="TestFixture" name="File: GetTemplatesFromPath" executed="True" result="Success" success="True" time="3.5875" asserts="0" description="File: GetTemplatesFromPath">
            <results>
              <test-suite type="TestFixture" name="File: GetTemplatesFromPath.Code Quality Check" executed="True" result="Success" success="True" time="0.13" asserts="0" description="File: GetTemplatesFromPath.Code Quality Check">
                <results>
                  <test-case description="is valid PowerShell Code" name="File: GetTemplatesFromPath.Code Quality Check.is valid PowerShell Code" time="0.0335" asserts="0" success="True" result="Success" executed="True" />
                  <test-case description="passess ScriptAnalyzer" name="File: GetTemplatesFromPath.Code Quality Check.passess ScriptAnalyzer" time="0.0854" asserts="0" success="True" result="Success" executed="True" />
                </results>
              </test-suite>
            </results>
          </test-suite>
          <test-suite type="TestFixture" name="File: InvokeMoldScript" executed="True" result="Success" success="True" time="3.6801" asserts="0" description="File: InvokeMoldScript">
            <results>
              <test-suite type="TestFixture" name="File: InvokeMoldScript.Code Quality Check" executed="True" result="Success" success="True" time="0.0794" asserts="0" description="File: InvokeMoldScript.Code Quality Check">
                <results>
                  <test-case description="is valid PowerShell Code" name="File: InvokeMoldScript.Code Quality Check.is valid PowerShell Code" time="0.0409" asserts="0" success="True" result="Success" executed="True" />
                  <test-case description="passess ScriptAnalyzer" name="File: InvokeMoldScript.Code Quality Check.passess ScriptAnalyzer" time="0.0248" asserts="0" success="True" result="Success" executed="True" />
                </results>
              </test-suite>
            </results>
          </test-suite>
          <test-suite type="TestFixture" name="File: ReadAwesomeHost" executed="True" result="Success" success="True" time="3.7816" asserts="0" description="File: ReadAwesomeHost">
            <results>
              <test-suite type="TestFixture" name="File: ReadAwesomeHost.Code Quality Check" executed="True" result="Success" success="True" time="0.0898" asserts="0" description="File: ReadAwesomeHost.Code Quality Check">
                <results>
                  <test-case description="is valid PowerShell Code" name="File: ReadAwesomeHost.Code Quality Check.is valid PowerShell Code" time="0.0357" asserts="0" success="True" result="Success" executed="True" />
                  <test-case description="passess ScriptAnalyzer" name="File: ReadAwesomeHost.Code Quality Check.passess ScriptAnalyzer" time="0.0393" asserts="0" success="True" result="Success" executed="True" />
                </results>
              </test-suite>
            </results>
          </test-suite>
          <test-suite type="TestFixture" name="File: TestMoldHealth" executed="True" result="Success" success="True" time="3.8561" asserts="0" description="File: TestMoldHealth">
            <results>
              <test-suite type="TestFixture" name="File: TestMoldHealth.Code Quality Check" executed="True" result="Success" success="True" time="0.0592" asserts="0" description="File: TestMoldHealth.Code Quality Check">
                <results>
                  <test-case description="is valid PowerShell Code" name="File: TestMoldHealth.Code Quality Check.is valid PowerShell Code" time="0.0089" asserts="0" success="True" result="Success" executed="True" />
                  <test-case description="passess ScriptAnalyzer" name="File: TestMoldHealth.Code Quality Check.passess ScriptAnalyzer" time="0.0224" asserts="0" success="True" result="Success" executed="True" />
                </results>
              </test-suite>
            </results>
          </test-suite>
          <test-suite type="TestFixture" name="File: TestMoldStatus" executed="True" result="Success" success="True" time="3.9184" asserts="0" description="File: TestMoldStatus">
            <results>
              <test-suite type="TestFixture" name="File: TestMoldStatus.Code Quality Check" executed="True" result="Success" success="True" time="0.0492" asserts="0" description="File: TestMoldStatus.Code Quality Check">
                <results>
                  <test-case description="is valid PowerShell Code" name="File: TestMoldStatus.Code Quality Check.is valid PowerShell Code" time="0.0181" asserts="0" success="True" result="Success" executed="True" />
                  <test-case description="passess ScriptAnalyzer" name="File: TestMoldStatus.Code Quality Check.passess ScriptAnalyzer" time="0.0183" asserts="0" success="True" result="Success" executed="True" />
                </results>
              </test-suite>
            </results>
          </test-suite>
          <test-suite type="TestFixture" name="File: TestValidMoldManifestFile" executed="True" result="Success" success="True" time="3.9745" asserts="0" description="File: TestValidMoldManifestFile">
            <results>
              <test-suite type="TestFixture" name="File: TestValidMoldManifestFile.Code Quality Check" executed="True" result="Success" success="True" time="0.0422" asserts="0" description="File: TestValidMoldManifestFile.Code Quality Check">
                <results>
                  <test-case description="is valid PowerShell Code" name="File: TestValidMoldManifestFile.Code Quality Check.is valid PowerShell Code" time="0.0117" asserts="0" success="True" result="Success" executed="True" />
                  <test-case description="passess ScriptAnalyzer" name="File: TestValidMoldManifestFile.Code Quality Check.passess ScriptAnalyzer" time="0.0195" asserts="0" success="True" result="Success" executed="True" />
                </results>
              </test-suite>
            </results>
          </test-suite>
          <test-suite type="TestFixture" name="File: ValidateAnswerFileParameter" executed="True" result="Success" success="True" time="4.0406" asserts="0" description="File: ValidateAnswerFileParameter">
            <results>
              <test-suite type="TestFixture" name="File: ValidateAnswerFileParameter.Code Quality Check" executed="True" result="Success" success="True" time="0.0542" asserts="0" description="File: ValidateAnswerFileParameter.Code Quality Check">
                <results>
                  <test-case description="is valid PowerShell Code" name="File: ValidateAnswerFileParameter.Code Quality Check.is valid PowerShell Code" time="0.0193" asserts="0" success="True" result="Success" executed="True" />
                  <test-case description="passess ScriptAnalyzer" name="File: ValidateAnswerFileParameter.Code Quality Check.passess ScriptAnalyzer" time="0.0243" asserts="0" success="True" result="Success" executed="True" />
                </results>
              </test-suite>
            </results>
          </test-suite>
        </results>
      </test-suite>
    </results>
  </test-suite>
</test-results>