<?xml version="1.0" encoding="utf-8" standalone="no"?>
<test-results xmlns:xsi="http://www.w3.org/2001/XMLSchema-instance" xsi:noNamespaceSchemaLocation="nunit_schema_2.5.xsd" name="Pester" total="50" errors="0" failures="0" not-run="0" inconclusive="0" ignored="0" skipped="0" invalid="0" date="2024-07-08" time="16:17:54">
  <environment nunit-version="2.5.8.0" user-domain="CORP" user="HA0559" cwd="C:\Localwork\Projects\Mold" platform="Microsoft Windows 11 Enterprise|C:\WINDOWS|\Device\Harddisk0\Partition3" clr-version="8.0.6" machine-name="W10L-013241" os-version="10.0.22631" />
  <culture-info current-culture="en-US" current-uiculture="en-US" />
  <test-suite type="TestFixture" name="Pester" executed="True" result="Success" success="True" time="2.8969" asserts="0" description="Pester">
    <results>
      <test-suite type="TestFixture" name="C:\Localwork\Projects\Mold\tests\Module.Tests.ps1" executed="True" result="Success" success="True" time="0.6019" asserts="0" description="C:\Localwork\Projects\Mold\tests\Module.Tests.ps1">
        <results>
          <test-suite type="TestFixture" name="General Module Control" executed="True" result="Success" success="True" time="0.1875" asserts="0" description="General Module Control">
            <results>
              <test-case description="Should import without errors" name="General Module Control.Should import without errors" time="0.139" asserts="0" success="True" result="Success" executed="True" />
            </results>
          </test-suite>
        </results>
      </test-suite>
      <test-suite type="TestFixture" name="C:\Localwork\Projects\Mold\tests\ScriptAnalyzer.Tests.ps1" executed="True" result="Success" success="True" time="2.001" asserts="0" description="C:\Localwork\Projects\Mold\tests\ScriptAnalyzer.Tests.ps1">
        <results>
          <test-suite type="TestFixture" name="File: AutoCompleteTemplateName" executed="True" result="Success" success="True" time="0.2749" asserts="0" description="File: AutoCompleteTemplateName">
            <results>
              <test-suite type="TestFixture" name="File: AutoCompleteTemplateName.Code Quality Check" executed="True" result="Success" success="True" time="0.2577" asserts="0" description="File: AutoCompleteTemplateName.Code Quality Check">
                <results>
                  <test-case description="is valid PowerShell Code" name="File: AutoCompleteTemplateName.Code Quality Check.is valid PowerShell Code" time="0.0301" asserts="0" success="True" result="Success" executed="True" />
                  <test-case description="passess ScriptAnalyzer" name="File: AutoCompleteTemplateName.Code Quality Check.passess ScriptAnalyzer" time="0.2228" asserts="0" success="True" result="Success" executed="True" />
                </results>
              </test-suite>
            </results>
          </test-suite>
          <test-suite type="TestFixture" name="File: Class_MOLDQ" executed="True" result="Success" success="True" time="0.3581" asserts="0" description="File: Class_MOLDQ">
            <results>
              <test-suite type="TestFixture" name="File: Class_MOLDQ.Code Quality Check" executed="True" result="Success" success="True" time="0.074" asserts="0" description="File: Class_MOLDQ.Code Quality Check">
                <results>
                  <test-case description="is valid PowerShell Code" name="File: Class_MOLDQ.Code Quality Check.is valid PowerShell Code" time="0.0222" asserts="0" success="True" result="Success" executed="True" />
                  <test-case description="passess ScriptAnalyzer" name="File: Class_MOLDQ.Code Quality Check.passess ScriptAnalyzer" time="0.0447" asserts="0" success="True" result="Success" executed="True" />
                </results>
              </test-suite>
            </results>
          </test-suite>
          <test-suite type="TestFixture" name="File: GenerateQuetion" executed="True" result="Success" success="True" time="0.5671" asserts="0" description="File: GenerateQuetion">
            <results>
              <test-suite type="TestFixture" name="File: GenerateQuetion.Code Quality Check" executed="True" result="Success" success="True" time="0.2017" asserts="0" description="File: GenerateQuetion.Code Quality Check">
                <results>
                  <test-case description="is valid PowerShell Code" name="File: GenerateQuetion.Code Quality Check.is valid PowerShell Code" time="0.0164" asserts="0" success="True" result="Success" executed="True" />
                  <test-case description="passess ScriptAnalyzer" name="File: GenerateQuetion.Code Quality Check.passess ScriptAnalyzer" time="0.1748" asserts="0" success="True" result="Success" executed="True" />
                </results>
              </test-suite>
            </results>
          </test-suite>
          <test-suite type="TestFixture" name="File: GetMoldPlaceHolder" executed="True" result="Success" success="True" time="0.7318" asserts="0" description="File: GetMoldPlaceHolder">
            <results>
              <test-suite type="TestFixture" name="File: GetMoldPlaceHolder.Code Quality Check" executed="True" result="Success" success="True" time="0.1596" asserts="0" description="File: GetMoldPlaceHolder.Code Quality Check">
                <results>
                  <test-case description="is valid PowerShell Code" name="File: GetMoldPlaceHolder.Code Quality Check.is valid PowerShell Code" time="0.02" asserts="0" success="True" result="Success" executed="True" />
                  <test-case description="passess ScriptAnalyzer" name="File: GetMoldPlaceHolder.Code Quality Check.passess ScriptAnalyzer" time="0.1316" asserts="0" success="True" result="Success" executed="True" />
                </results>
              </test-suite>
            </results>
          </test-suite>
          <test-suite type="TestFixture" name="File: GetTemplatesFromPath" executed="True" result="Success" success="True" time="0.9541" asserts="0" description="File: GetTemplatesFromPath">
            <results>
              <test-suite type="TestFixture" name="File: GetTemplatesFromPath.Code Quality Check" executed="True" result="Success" success="True" time="0.218" asserts="0" description="File: GetTemplatesFromPath.Code Quality Check">
                <results>
                  <test-case description="is valid PowerShell Code" name="File: GetTemplatesFromPath.Code Quality Check.is valid PowerShell Code" time="0.0132" asserts="0" success="True" result="Success" executed="True" />
                  <test-case description="passess ScriptAnalyzer" name="File: GetTemplatesFromPath.Code Quality Check.passess ScriptAnalyzer" time="0.1956" asserts="0" success="True" result="Success" executed="True" />
                </results>
              </test-suite>
            </results>
          </test-suite>
          <test-suite type="TestFixture" name="File: InvokeMoldScript" executed="True" result="Success" success="True" time="0.9912" asserts="0" description="File: InvokeMoldScript">
            <results>
              <test-suite type="TestFixture" name="File: InvokeMoldScript.Code Quality Check" executed="True" result="Success" success="True" time="0.0297" asserts="0" description="File: InvokeMoldScript.Code Quality Check">
                <results>
                  <test-case description="is valid PowerShell Code" name="File: InvokeMoldScript.Code Quality Check.is valid PowerShell Code" time="0.0099" asserts="0" success="True" result="Success" executed="True" />
                  <test-case description="passess ScriptAnalyzer" name="File: InvokeMoldScript.Code Quality Check.passess ScriptAnalyzer" time="0.0151" asserts="0" success="True" result="Success" executed="True" />
                </results>
              </test-suite>
            </results>
          </test-suite>
          <test-suite type="TestFixture" name="File: ReadAwesomeHost" executed="True" result="Success" success="True" time="1.3179" asserts="0" description="File: ReadAwesomeHost">
            <results>
              <test-suite type="TestFixture" name="File: ReadAwesomeHost.Code Quality Check" executed="True" result="Success" success="True" time="0.3224" asserts="0" description="File: ReadAwesomeHost.Code Quality Check">
                <results>
                  <test-case description="is valid PowerShell Code" name="File: ReadAwesomeHost.Code Quality Check.is valid PowerShell Code" time="0.0083" asserts="0" success="True" result="Success" executed="True" />
                  <test-case description="passess ScriptAnalyzer" name="File: ReadAwesomeHost.Code Quality Check.passess ScriptAnalyzer" time="0.3094" asserts="0" success="True" result="Success" executed="True" />
                </results>
              </test-suite>
            </results>
          </test-suite>
          <test-suite type="TestFixture" name="File: TestMoldHealth" executed="True" result="Success" success="True" time="1.3499" asserts="0" description="File: TestMoldHealth">
            <results>
              <test-suite type="TestFixture" name="File: TestMoldHealth.Code Quality Check" executed="True" result="Success" success="True" time="0.0275" asserts="0" description="File: TestMoldHealth.Code Quality Check">
                <results>
                  <test-case description="is valid PowerShell Code" name="File: TestMoldHealth.Code Quality Check.is valid PowerShell Code" time="0.0075" asserts="0" success="True" result="Success" executed="True" />
                  <test-case description="passess ScriptAnalyzer" name="File: TestMoldHealth.Code Quality Check.passess ScriptAnalyzer" time="0.0118" asserts="0" success="True" result="Success" executed="True" />
                </results>
              </test-suite>
            </results>
          </test-suite>
          <test-suite type="TestFixture" name="File: TestMoldStatus" executed="True" result="Success" success="True" time="1.388" asserts="0" description="File: TestMoldStatus">
            <results>
              <test-suite type="TestFixture" name="File: TestMoldStatus.Code Quality Check" executed="True" result="Success" success="True" time="0.0325" asserts="0" description="File: TestMoldStatus.Code Quality Check">
                <results>
                  <test-case description="is valid PowerShell Code" name="File: TestMoldStatus.Code Quality Check.is valid PowerShell Code" time="0.0099" asserts="0" success="True" result="Success" executed="True" />
                  <test-case description="passess ScriptAnalyzer" name="File: TestMoldStatus.Code Quality Check.passess ScriptAnalyzer" time="0.0147" asserts="0" success="True" result="Success" executed="True" />
                </results>
              </test-suite>
            </results>
          </test-suite>
          <test-suite type="TestFixture" name="File: TestValidMoldManifestFile" executed="True" result="Success" success="True" time="1.4152" asserts="0" description="File: TestValidMoldManifestFile">
            <results>
              <test-suite type="TestFixture" name="File: TestValidMoldManifestFile.Code Quality Check" executed="True" result="Success" success="True" time="0.0226" asserts="0" description="File: TestValidMoldManifestFile.Code Quality Check">
                <results>
                  <test-case description="is valid PowerShell Code" name="File: TestValidMoldManifestFile.Code Quality Check.is valid PowerShell Code" time="0.0087" asserts="0" success="True" result="Success" executed="True" />
                  <test-case description="passess ScriptAnalyzer" name="File: TestValidMoldManifestFile.Code Quality Check.passess ScriptAnalyzer" time="0.009" asserts="0" success="True" result="Success" executed="True" />
                </results>
              </test-suite>
            </results>
          </test-suite>
          <test-suite type="TestFixture" name="File: ValidateAnswerFileParameter" executed="True" result="Success" success="True" time="1.4402" asserts="0" description="File: ValidateAnswerFileParameter">
            <results>
              <test-suite type="TestFixture" name="File: ValidateAnswerFileParameter.Code Quality Check" executed="True" result="Success" success="True" time="0.0195" asserts="0" description="File: ValidateAnswerFileParameter.Code Quality Check">
                <results>
                  <test-case description="is valid PowerShell Code" name="File: ValidateAnswerFileParameter.Code Quality Check.is valid PowerShell Code" time="0.0063" asserts="0" success="True" result="Success" executed="True" />
                  <test-case description="passess ScriptAnalyzer" name="File: ValidateAnswerFileParameter.Code Quality Check.passess ScriptAnalyzer" time="0.0087" asserts="0" success="True" result="Success" executed="True" />
                </results>
              </test-suite>
            </results>
          </test-suite>
          <test-suite type="TestFixture" name="File: AutoCompleteTemplateName" executed="True" result="Success" success="True" time="1.4649" asserts="0" description="File: AutoCompleteTemplateName">
            <results>
              <test-suite type="TestFixture" name="File: AutoCompleteTemplateName.Code Quality Check" executed="True" result="Success" success="True" time="0.0203" asserts="0" description="File: AutoCompleteTemplateName.Code Quality Check">
                <results>
                  <test-case description="is valid PowerShell Code" name="File: AutoCompleteTemplateName.Code Quality Check.is valid PowerShell Code" time="0.0083" asserts="0" success="True" result="Success" executed="True" />
                  <test-case description="passess ScriptAnalyzer" name="File: AutoCompleteTemplateName.Code Quality Check.passess ScriptAnalyzer" time="0.0074" asserts="0" success="True" result="Success" executed="True" />
                </results>
              </test-suite>
            </results>
          </test-suite>
          <test-suite type="TestFixture" name="File: Class_MOLDQ" executed="True" result="Success" success="True" time="1.4929" asserts="0" description="File: Class_MOLDQ">
            <results>
              <test-suite type="TestFixture" name="File: Class_MOLDQ.Code Quality Check" executed="True" result="Success" success="True" time="0.0239" asserts="0" description="File: Class_MOLDQ.Code Quality Check">
                <results>
                  <test-case description="is valid PowerShell Code" name="File: Class_MOLDQ.Code Quality Check.is valid PowerShell Code" time="0.0069" asserts="0" success="True" result="Success" executed="True" />
                  <test-case description="passess ScriptAnalyzer" name="File: Class_MOLDQ.Code Quality Check.passess ScriptAnalyzer" time="0.0125" asserts="0" success="True" result="Success" executed="True" />
                </results>
              </test-suite>
            </results>
          </test-suite>
          <test-suite type="TestFixture" name="File: GenerateQuetion" executed="True" result="Success" success="True" time="1.5319" asserts="0" description="File: GenerateQuetion">
            <results>
              <test-suite type="TestFixture" name="File: GenerateQuetion.Code Quality Check" executed="True" result="Success" success="True" time="0.0343" asserts="0" description="File: GenerateQuetion.Code Quality Check">
                <results>
                  <test-case description="is valid PowerShell Code" name="File: GenerateQuetion.Code Quality Check.is valid PowerShell Code" time="0.0119" asserts="0" success="True" result="Success" executed="True" />
                  <test-case description="passess ScriptAnalyzer" name="File: GenerateQuetion.Code Quality Check.passess ScriptAnalyzer" time="0.0167" asserts="0" success="True" result="Success" executed="True" />
                </results>
              </test-suite>
            </results>
          </test-suite>
          <test-suite type="TestFixture" name="File: GetMoldPlaceHolder" executed="True" result="Success" success="True" time="1.5707" asserts="0" description="File: GetMoldPlaceHolder">
            <results>
              <test-suite type="TestFixture" name="File: GetMoldPlaceHolder.Code Quality Check" executed="True" result="Success" success="True" time="0.0324" asserts="0" description="File: GetMoldPlaceHolder.Code Quality Check">
                <results>
                  <test-case description="is valid PowerShell Code" name="File: GetMoldPlaceHolder.Code Quality Check.is valid PowerShell Code" time="0.0111" asserts="0" success="True" result="Success" executed="True" />
                  <test-case description="passess ScriptAnalyzer" name="File: GetMoldPlaceHolder.Code Quality Check.passess ScriptAnalyzer" time="0.014" asserts="0" success="True" result="Success" executed="True" />
                </results>
              </test-suite>
            </results>
          </test-suite>
          <test-suite type="TestFixture" name="File: GetTemplatesFromPath" executed="True" result="Success" success="True" time="1.6375" asserts="0" description="File: GetTemplatesFromPath">
            <results>
              <test-suite type="TestFixture" name="File: GetTemplatesFromPath.Code Quality Check" executed="True" result="Success" success="True" time="0.0492" asserts="0" description="File: GetTemplatesFromPath.Code Quality Check">
                <results>
                  <test-case description="is valid PowerShell Code" name="File: GetTemplatesFromPath.Code Quality Check.is valid PowerShell Code" time="0.0121" asserts="0" success="True" result="Success" executed="True" />
                  <test-case description="passess ScriptAnalyzer" name="File: GetTemplatesFromPath.Code Quality Check.passess ScriptAnalyzer" time="0.0262" asserts="0" success="True" result="Success" executed="True" />
                </results>
              </test-suite>
            </results>
          </test-suite>
          <test-suite type="TestFixture" name="File: InvokeMoldScript" executed="True" result="Success" success="True" time="1.6859" asserts="0" description="File: InvokeMoldScript">
            <results>
              <test-suite type="TestFixture" name="File: InvokeMoldScript.Code Quality Check" executed="True" result="Success" success="True" time="0.0394" asserts="0" description="File: InvokeMoldScript.Code Quality Check">
                <results>
                  <test-case description="is valid PowerShell Code" name="File: InvokeMoldScript.Code Quality Check.is valid PowerShell Code" time="0.0164" asserts="0" success="True" result="Success" executed="True" />
                  <test-case description="passess ScriptAnalyzer" name="File: InvokeMoldScript.Code Quality Check.passess ScriptAnalyzer" time="0.0133" asserts="0" success="True" result="Success" executed="True" />
                </results>
              </test-suite>
            </results>
          </test-suite>
          <test-suite type="TestFixture" name="File: ReadAwesomeHost" executed="True" result="Success" success="True" time="1.7434" asserts="0" description="File: ReadAwesomeHost">
            <results>
              <test-suite type="TestFixture" name="File: ReadAwesomeHost.Code Quality Check" executed="True" result="Success" success="True" time="0.0467" asserts="0" description="File: ReadAwesomeHost.Code Quality Check">
                <results>
                  <test-case description="is valid PowerShell Code" name="File: ReadAwesomeHost.Code Quality Check.is valid PowerShell Code" time="0.019" asserts="0" success="True" result="Success" executed="True" />
                  <test-case description="passess ScriptAnalyzer" name="File: ReadAwesomeHost.Code Quality Check.passess ScriptAnalyzer" time="0.0209" asserts="0" success="True" result="Success" executed="True" />
                </results>
              </test-suite>
            </results>
          </test-suite>
          <test-suite type="TestFixture" name="File: TestMoldHealth" executed="True" result="Success" success="True" time="1.7927" asserts="0" description="File: TestMoldHealth">
            <results>
              <test-suite type="TestFixture" name="File: TestMoldHealth.Code Quality Check" executed="True" result="Success" success="True" time="0.0415" asserts="0" description="File: TestMoldHealth.Code Quality Check">
                <results>
                  <test-case description="is valid PowerShell Code" name="File: TestMoldHealth.Code Quality Check.is valid PowerShell Code" time="0.0159" asserts="0" success="True" result="Success" executed="True" />
                  <test-case description="passess ScriptAnalyzer" name="File: TestMoldHealth.Code Quality Check.passess ScriptAnalyzer" time="0.0176" asserts="0" success="True" result="Success" executed="True" />
                </results>
              </test-suite>
            </results>
          </test-suite>
          <test-suite type="TestFixture" name="File: TestMoldStatus" executed="True" result="Success" success="True" time="1.8336" asserts="0" description="File: TestMoldStatus">
            <results>
              <test-suite type="TestFixture" name="File: TestMoldStatus.Code Quality Check" executed="True" result="Success" success="True" time="0.0326" asserts="0" description="File: TestMoldStatus.Code Quality Check">
                <results>
                  <test-case description="is valid PowerShell Code" name="File: TestMoldStatus.Code Quality Check.is valid PowerShell Code" time="0.0111" asserts="0" success="True" result="Success" executed="True" />
                  <test-case description="passess ScriptAnalyzer" name="File: TestMoldStatus.Code Quality Check.passess ScriptAnalyzer" time="0.0141" asserts="0" success="True" result="Success" executed="True" />
                </results>
              </test-suite>
            </results>
          </test-suite>
          <test-suite type="TestFixture" name="File: TestValidMoldManifestFile" executed="True" result="Success" success="True" time="1.8766" asserts="0" description="File: TestValidMoldManifestFile">
            <results>
              <test-suite type="TestFixture" name="File: TestValidMoldManifestFile.Code Quality Check" executed="True" result="Success" success="True" time="0.0372" asserts="0" description="File: TestValidMoldManifestFile.Code Quality Check">
                <results>
                  <test-case description="is valid PowerShell Code" name="File: TestValidMoldManifestFile.Code Quality Check.is valid PowerShell Code" time="0.0115" asserts="0" success="True" result="Success" executed="True" />
                  <test-case description="passess ScriptAnalyzer" name="File: TestValidMoldManifestFile.Code Quality Check.passess ScriptAnalyzer" time="0.0179" asserts="0" success="True" result="Success" executed="True" />
                </results>
              </test-suite>
            </results>
          </test-suite>
          <test-suite type="TestFixture" name="File: ValidateAnswerFileParameter" executed="True" result="Success" success="True" time="1.9132" asserts="0" description="File: ValidateAnswerFileParameter">
            <results>
              <test-suite type="TestFixture" name="File: ValidateAnswerFileParameter.Code Quality Check" executed="True" result="Success" success="True" time="0.0311" asserts="0" description="File: ValidateAnswerFileParameter.Code Quality Check">
                <results>
                  <test-case description="is valid PowerShell Code" name="File: ValidateAnswerFileParameter.Code Quality Check.is valid PowerShell Code" time="0.0105" asserts="0" success="True" result="Success" executed="True" />
                  <test-case description="passess ScriptAnalyzer" name="File: ValidateAnswerFileParameter.Code Quality Check.passess ScriptAnalyzer" time="0.0138" asserts="0" success="True" result="Success" executed="True" />
                </results>
              </test-suite>
            </results>
          </test-suite>
        </results>
      </test-suite>
      <test-suite type="TestFixture" name="C:\Localwork\Projects\Mold\tests\integration\InvokeMold.Tests.ps1" executed="True" result="Success" success="True" time="0.2865" asserts="0" description="C:\Localwork\Projects\Mold\tests\integration\InvokeMold.Tests.ps1">
        <results>
          <test-suite type="TestFixture" name="Invoke Mold Integration Test" executed="True" result="Success" success="True" time="0.2361" asserts="0" description="Invoke Mold Integration Test">
            <results>
              <test-case description="should exists" name="Invoke Mold Integration Test.should exists" time="0.0162" asserts="0" success="True" result="Success" executed="True" />
              <test-case description="Command exists" name="Invoke Mold Integration Test.Command exists" time="0.01" asserts="0" success="True" result="Success" executed="True" />
              <test-case description="Invokes command without error" name="Invoke Mold Integration Test.Invokes command without error" time="0.1803" asserts="0" success="True" result="Success" executed="True" />
              <test-case description="Generates project files" name="Invoke Mold Integration Test.Generates project files" time="0.0048" asserts="0" success="True" result="Success" executed="True" />
              <test-case description="Content matches expected output" name="Invoke Mold Integration Test.Content matches expected output" time="0.0113" asserts="0" success="True" result="Success" executed="True" />
            </results>
          </test-suite>
        </results>
      </test-suite>
    </results>
  </test-suite>
</test-results>